#
# A fatal error has been detected by the Java Runtime Environment:
#
#  Internal Error (javaClasses.cpp:136), pid=2716, tid=5520
#  fatal error: Invalid layout of preloaded class
#
# JRE version:  (7.0_45-b18) (build )
# Java VM: Java HotSpot(TM) Client VM (24.45-b08 mixed mode windows-x86 )
# Failed to write core dump. Minidumps are not enabled by default on client versions of Windows
#
# If you would like to submit a bug report, please visit:
#   http://bugreport.sun.com/bugreport/crash.jsp
#

---------------  T H R E A D  ---------------

Current thread (0x00e2c000):  JavaThread "Unknown thread" [_thread_in_vm, id=5520, stack(0x00900000,0x00950000)]

Stack: [0x00900000,0x00950000],  sp=0x0094f5e4,  free space=317k
Native frames: (J=compiled Java code, j=interpreted, Vv=VM code, C=native code)
V  [jvm.dll+0x18df51]
V  [jvm.dll+0x187cc6]
V  [jvm.dll+0x3586a]
V  [jvm.dll+0x358f6]
V  [jvm.dll+0x4400d]
V  [jvm.dll+0x442be]
V  [jvm.dll+0x9263a]
V  [jvm.dll+0x929eb]
V  [jvm.dll+0x13daf1]
V  [jvm.dll+0x1605fc]
V  [jvm.dll+0xc8ebf]
C  [javaw.exe+0x13ce]
C  [javaw.exe+0x1e40]
C  [javaw.exe+0xa5b1]
C  [javaw.exe+0xa63b]
C  [kernel32.dll+0x1336a]
C  [ntdll.dll+0x39f72]
C  [ntdll.dll+0x39f45]


---------------  P R O C E S S  ---------------

Java Threads: ( => current thread )

Other Threads:

=>0x00e2c000 (exited) JavaThread "Unknown thread" [_thread_in_vm, id=5520, stack(0x00900000,0x00950000)]

VM state:not at safepoint (not fully initialized)

VM Mutex/Monitor currently owned by a thread: None

GC Heap History (0 events):
No events

Deoptimization events (0 events):
No events

Internal exceptions (0 events):
No events

Events (10 events):
Event: 2.278 loading class 0x0023c3b0 done
Event: 2.279 loading class 0x0023be40 done
Event: 2.279 loading class 0x0023be20
Event: 2.279 loading class 0x00243148
Event: 2.279 loading class 0x00243148 done
Event: 2.279 loading class 0x00243178
Event: 2.279 loading class 0x00243178 done
Event: 2.279 loading class 0x002431a8
Event: 2.279 loading class 0x002431a8 done
Event: 2.280 loading class 0x0023be20 done


Dynamic libraries:
0x00f00000 - 0x00f2f000 	D:\Program Files\Java\jre7\bin\javaw.exe
0x77300000 - 0x77480000 	C:\Windows\SysWOW64\ntdll.dll
0x76770000 - 0x76880000 	C:\Windows\syswow64\kernel32.dll
0x763f0000 - 0x76437000 	C:\Windows\syswow64\KERNELBASE.dll
0x751e0000 - 0x75280000 	C:\Windows\syswow64\ADVAPI32.dll
0x75000000 - 0x750ac000 	C:\Windows\syswow64\msvcrt.dll
0x76da0000 - 0x76db9000 	C:\Windows\SysWOW64\sechost.dll
0x76300000 - 0x763f0000 	C:\Windows\syswow64\RPCRT4.dll
0x748c0000 - 0x74920000 	C:\Windows\syswow64\SspiCli.dll
0x748b0000 - 0x748bc000 	C:\Windows\syswow64\CRYPTBASE.dll
0x750b0000 - 0x751b0000 	C:\Windows\syswow64\USER32.dll
0x753f0000 - 0x75480000 	C:\Windows\syswow64\GDI32.dll
0x76d20000 - 0x76d2a000 	C:\Windows\syswow64\LPK.dll
0x74ed0000 - 0x74f6d000 	C:\Windows\syswow64\USP10.dll
0x74390000 - 0x7452e000 	C:\Windows\WinSxS\x86_microsoft.windows.common-controls_6595b64144ccf1df_6.0.7601.17514_none_41e6975e2bd6f2b2\COMCTL32.dll
0x75280000 - 0x752d7000 	C:\Windows\syswow64\SHLWAPI.dll
0x76670000 - 0x766d0000 	C:\Windows\system32\IMM32.DLL
0x76230000 - 0x762fc000 	C:\Windows\syswow64\MSCTF.dll
0x6c700000 - 0x6c7bf000 	D:\Program Files\Java\jre7\bin\msvcr100.dll
0x5ec40000 - 0x5efc0000 	D:\Program Files\Java\jre7\bin\client\jvm.dll
0x747b0000 - 0x747b7000 	C:\Windows\system32\WSOCK32.dll
0x76440000 - 0x76475000 	C:\Windows\syswow64\WS2_32.dll
0x76d70000 - 0x76d76000 	C:\Windows\syswow64\NSI.dll
0x74980000 - 0x749b2000 	C:\Windows\syswow64\WINMM.dll
0x76d80000 - 0x76d85000 	C:\Windows\syswow64\PSAPI.DLL
0x6f0c0000 - 0x6f0cc000 	D:\Program Files\Java\jre7\bin\verify.dll
0x6cc00000 - 0x6cc20000 	D:\Program Files\Java\jre7\bin\java.dll
0x6cb70000 - 0x6cb83000 	D:\Program Files\Java\jre7\bin\zip.dll
0x71d10000 - 0x71dfb000 	C:\Windows\system32\dbghelp.dll

VM Arguments:
jvm_args: -Dfile.encoding=GBK -Xbootclasspath:D:\Android\sdk\platforms\android-18\android.jar 
java_command: com.topcoder.innovate.util.NetworkDetector
Launcher Type: SUN_STANDARD

Environment Variables:
JAVA_HOME=D:\Program files\Java\jdk
CLASSPATH=D:\Program files\Java\jdk\lib;D:\Program files\Java\jdk\lib\dt.jar;D:\Program files\Java\jdk\lib\tools.jar;D:\Program files\Java\jdk\bin;D:\Program files\Java\jdk\jre\bin
PATH=D:\Program Files\MacType\;C:\Program Files (x86)\NVIDIA Corporation\PhysX\Common;C:\Windows\system32;C:\Windows;C:\Windows\System32\Wbem;C:\Windows\System32\WindowsPowerShell\v1.0\;d:\Program Files\BaseX\bin
USERNAME=ScottSaint
OS=Windows_NT
PROCESSOR_IDENTIFIER=Intel64 Family 6 Model 42 Stepping 7, GenuineIntel



---------------  S Y S T E M  ---------------

OS: Windows 7 , 64 bit Build 7601 Service Pack 1

CPU:total 2 (2 cores per cpu, 1 threads per core) family 6 model 42 stepping 7, cmov, cx8, fxsr, mmx, sse, sse2, sse3, ssse3, sse4.1, sse4.2, popcnt, tsc, tscinvbit

Memory: 4k page, physical 4157408k(1074596k free), swap 8575100k(2163980k free)

vm_info: Java HotSpot(TM) Client VM (24.45-b08) for windows-x86 JRE (1.7.0_45-b18), built on Oct  8 2013 06:02:43 by "java_re" with unknown MS VC++:1600

time: Wed Dec 25 21:10:07 2013
elapsed time: 2 seconds

