#
# A fatal error has been detected by the Java Runtime Environment:
#
#  Internal Error (javaClasses.cpp:136), pid=7164, tid=7544
#  fatal error: Invalid layout of preloaded class
#
# JRE version:  (7.0_45-b18) (build )
# Java VM: Java HotSpot(TM) Client VM (24.45-b08 mixed mode windows-x86 )
# Failed to write core dump. Minidumps are not enabled by default on client versions of Windows
#
# If you would like to submit a bug report, please visit:
#   http://bugreport.sun.com/bugreport/crash.jsp
#

---------------  T H R E A D  ---------------

Current thread (0x023fd000):  JavaThread "Unknown thread" [_thread_in_vm, id=7544, stack(0x022d0000,0x02320000)]

Stack: [0x022d0000,0x02320000],  sp=0x0231f9a4,  free space=318k
Native frames: (J=compiled Java code, j=interpreted, Vv=VM code, C=native code)
V  [jvm.dll+0x18df51]
V  [jvm.dll+0x187cc6]
V  [jvm.dll+0x3586a]
V  [jvm.dll+0x358f6]
V  [jvm.dll+0x4400d]
V  [jvm.dll+0x442be]
V  [jvm.dll+0x9263a]
V  [jvm.dll+0x929eb]
V  [jvm.dll+0x13daf1]
V  [jvm.dll+0x1605fc]
V  [jvm.dll+0xc8ebf]
C  [javaw.exe+0x13ce]
C  [javaw.exe+0x1e40]
C  [javaw.exe+0xa5b1]
C  [javaw.exe+0xa63b]
C  [kernel32.dll+0x1336a]
C  [ntdll.dll+0x39f72]
C  [ntdll.dll+0x39f45]


---------------  P R O C E S S  ---------------

Java Threads: ( => current thread )

Other Threads:

=>0x023fd000 (exited) JavaThread "Unknown thread" [_thread_in_vm, id=7544, stack(0x022d0000,0x02320000)]

VM state:not at safepoint (not fully initialized)

VM Mutex/Monitor currently owned by a thread: None

GC Heap History (0 events):
No events

Deoptimization events (0 events):
No events

Internal exceptions (0 events):
No events

Events (10 events):
Event: 0.423 loading class 0x01b5cbd0 done
Event: 0.423 loading class 0x01b5c660 done
Event: 0.423 loading class 0x01b5c640
Event: 0.424 loading class 0x01b63968
Event: 0.424 loading class 0x01b63968 done
Event: 0.424 loading class 0x01b63998
Event: 0.424 loading class 0x01b63998 done
Event: 0.424 loading class 0x01b639c8
Event: 0.424 loading class 0x01b639c8 done
Event: 0.424 loading class 0x01b5c640 done


Dynamic libraries:
0x00060000 - 0x0008f000 	D:\Program Files\Java\jre7\bin\javaw.exe
0x771e0000 - 0x77360000 	C:\Windows\SysWOW64\ntdll.dll
0x74c10000 - 0x74d20000 	C:\Windows\syswow64\kernel32.dll
0x74950000 - 0x74997000 	C:\Windows\syswow64\KERNELBASE.dll
0x75690000 - 0x75730000 	C:\Windows\syswow64\ADVAPI32.dll
0x74890000 - 0x7493c000 	C:\Windows\syswow64\msvcrt.dll
0x763a0000 - 0x763b9000 	C:\Windows\SysWOW64\sechost.dll
0x763c0000 - 0x764b0000 	C:\Windows\syswow64\RPCRT4.dll
0x747a0000 - 0x74800000 	C:\Windows\syswow64\SspiCli.dll
0x74790000 - 0x7479c000 	C:\Windows\syswow64\CRYPTBASE.dll
0x750d0000 - 0x751d0000 	C:\Windows\syswow64\USER32.dll
0x74ae0000 - 0x74b70000 	C:\Windows\syswow64\GDI32.dll
0x74d20000 - 0x74d2a000 	C:\Windows\syswow64\LPK.dll
0x75210000 - 0x752ad000 	C:\Windows\syswow64\USP10.dll
0x74270000 - 0x7440e000 	C:\Windows\WinSxS\x86_microsoft.windows.common-controls_6595b64144ccf1df_6.0.7601.17514_none_41e6975e2bd6f2b2\COMCTL32.dll
0x76880000 - 0x768d7000 	C:\Windows\syswow64\SHLWAPI.dll
0x768e0000 - 0x76940000 	C:\Windows\system32\IMM32.DLL
0x76a30000 - 0x76afc000 	C:\Windows\syswow64\MSCTF.dll
0x6b3f0000 - 0x6b4af000 	D:\Program Files\Java\jre7\bin\msvcr100.dll
0x63e10000 - 0x64190000 	D:\Program Files\Java\jre7\bin\client\jvm.dll
0x74690000 - 0x74697000 	C:\Windows\system32\WSOCK32.dll
0x75500000 - 0x75535000 	C:\Windows\syswow64\WS2_32.dll
0x75480000 - 0x75486000 	C:\Windows\syswow64\NSI.dll
0x752b0000 - 0x752e2000 	C:\Windows\syswow64\WINMM.dll
0x752f0000 - 0x752f5000 	C:\Windows\syswow64\PSAPI.DLL
0x6ba50000 - 0x6ba5c000 	D:\Program Files\Java\jre7\bin\verify.dll
0x6ba30000 - 0x6ba50000 	D:\Program Files\Java\jre7\bin\java.dll
0x6b9c0000 - 0x6b9d3000 	D:\Program Files\Java\jre7\bin\zip.dll
0x70970000 - 0x70a5b000 	C:\Windows\system32\dbghelp.dll

VM Arguments:
jvm_args: -Dfile.encoding=GBK -Xbootclasspath:D:\Android\sdk\platforms\android-18\android.jar;D:\Android\sdk\add-ons\addon-google_apis-google-18\libs\effects.jar;D:\Android\sdk\add-ons\addon-google_apis-google-18\libs\usb.jar;D:\Android\sdk\add-ons\addon-google_apis-google-18\libs\maps.jar 
java_command: GetImage
Launcher Type: SUN_STANDARD

Environment Variables:
JAVA_HOME=D:\Program files\Java\jdk
CLASSPATH=.;D:\Program files\Java\jdk\lib;D:\Program files\Java\jdk\lib\dt.jar;D:\Program files\Java\jdk\lib\tools.jar;D:\Program files\Java\jdk\bin;D:\Program files\Java\jdk\jre\bin
PATH=D:/Program files/Java/jdk/bin/../jre/bin/server;D:/Program files/Java/jdk/bin/../jre/bin;D:/Program files/Java/jdk/bin/../jre/lib/amd64;D:\Program Files\MacType\;D:\Program files\Java\jdk\bin;D:\Program files\Java\jdk\jre\bin;C:\Program Files (x86)\NVIDIA Corporation\PhysX\Common;C:\Windows\system32;C:\Windows;C:\Windows\System32\Wbem;C:\Windows\System32\WindowsPowerShell\v1.0\;D:\Android\eclipse;
USERNAME=ScottSaint
OS=Windows_NT
PROCESSOR_IDENTIFIER=Intel64 Family 6 Model 42 Stepping 7, GenuineIntel



---------------  S Y S T E M  ---------------

OS: Windows 7 , 64 bit Build 7601 Service Pack 1

CPU:total 2 (2 cores per cpu, 1 threads per core) family 6 model 42 stepping 7, cmov, cx8, fxsr, mmx, sse, sse2, sse3, ssse3, sse4.1, sse4.2, popcnt, tsc, tscinvbit

Memory: 4k page, physical 4157408k(1273784k free), swap 8575100k(3097748k free)

vm_info: Java HotSpot(TM) Client VM (24.45-b08) for windows-x86 JRE (1.7.0_45-b18), built on Oct  8 2013 06:02:43 by "java_re" with unknown MS VC++:1600

time: Tue Feb 18 17:53:13 2014
elapsed time: 0 seconds

